
> bank-admin@0.1.0 dev
> next dev --turbopack

   ▲ Next.js 15.5.3 (Turbopack)
   - Local:        http://localhost:46346
   - Network:      http://172.17.0.3:46346

 ✓ Starting...
 ✓ Compiled middleware in 111ms
 ✓ Ready in 1086ms
 ○ Compiling /login ...
 ✓ Compiled /login in 2.2s
 GET /login?next=%2F 200 in 2467ms
 GET /login?next=%2F 200 in 77ms
 GET /login?next=%2F 200 in 69ms
 GET /login?next=%2F 200 in 65ms
 GET /login?next=%2F 200 in 78ms
 GET /login?next=%2F 200 in 69ms
 GET /login?next=%2F 200 in 65ms
 GET /login?next=%2F 200 in 71ms
 GET /login?next=%2F 200 in 76ms
 GET /login?next=%2F 200 in 80ms
 GET /login?next=%2F 200 in 69ms
 GET /login?next=%2F 200 in 66ms
 GET /login?next=%2F 200 in 82ms
 GET /login?next=%2F 200 in 70ms
 GET /login?next=%2F 200 in 70ms
 GET /login?next=%2F 200 in 76ms
 GET /login?next=%2F 200 in 82ms
 GET /login?next=%2F 200 in 79ms
 GET /login?next=%2F 200 in 72ms
 GET /login?next=%2F 200 in 74ms
 GET /login?next=%2F 200 in 82ms
 GET /login?next=%2F 200 in 69ms
 GET /login?next=%2F 200 in 74ms
 GET /login?next=%2F 200 in 77ms
 GET /login?next=%2F 200 in 85ms
 GET /login?next=%2F 200 in 85ms
 GET /login?next=%2F 200 in 82ms
 GET /login?next=%2F 200 in 72ms
 GET /login?next=%2F 200 in 86ms
 GET /login?next=%2F 200 in 81ms
 GET /login?next=%2F 200 in 69ms
 GET /login?next=%2F 200 in 78ms
 GET /login?next=%2F 200 in 73ms
 GET /login?next=%2F 200 in 66ms
 GET /login?next=%2F 200 in 76ms
 GET /login?next=%2F 200 in 73ms
 GET /login?next=%2F 200 in 80ms
 GET /login?next=%2F 200 in 84ms
 GET /login?next=%2F 200 in 78ms
 GET /login?next=%2F 200 in 84ms
 GET /login?next=%2F 200 in 80ms
 GET /login?next=%2F 200 in 3512ms
 GET /login?next=%2F 200 in 80ms
 GET /login?next=%2F 200 in 92ms
 GET /login?next=%2F 200 in 72ms
 GET /login?next=%2F 200 in 68ms
 GET /login?next=%2F 200 in 69ms
 GET /login?next=%2F 200 in 80ms
 GET /login?next=%2F 200 in 78ms
 GET /login?next=%2F 200 in 69ms
 GET /login?next=%2F 200 in 221ms
 GET /login?next=%2F 200 in 70ms
 GET /login?next=%2F 200 in 73ms
 GET /login?next=%2F 200 in 74ms
 GET /login?next=%2F 200 in 75ms
 GET /login?next=%2F 200 in 69ms
 GET /login?next=%2F 200 in 71ms
 GET /login?next=%2F 200 in 66ms
 GET /login?next=%2F 200 in 76ms
 GET /login?next=%2F 200 in 69ms
 GET /login?next=%2F 200 in 73ms
 GET /login?next=%2F 200 in 69ms
 GET /login?next=%2F 200 in 203ms
 GET /login?next=%2F 200 in 68ms
 GET /login?next=%2F 200 in 65ms
 GET /login?next=%2F 200 in 68ms
 GET /login?next=%2F 200 in 71ms
 GET /login?next=%2F 200 in 72ms
 GET /login?next=%2F 200 in 68ms
 GET /login?next=%2F 200 in 65ms
 GET /login?next=%2F 200 in 78ms
 GET /login?next=%2F 200 in 64ms
 GET /login?next=%2F 200 in 66ms
 GET /login?next=%2F 200 in 67ms
 GET /login?next=%2F 200 in 61ms
 GET /login?next=%2F 200 in 61ms
 GET /login?next=%2F 200 in 73ms
 GET /login?next=%2F 200 in 78ms
 GET /login?next=%2F 200 in 64ms
 GET /login?next=%2F 200 in 64ms
 GET /login?next=%2F 200 in 65ms
 GET /login?next=%2F 200 in 70ms
 GET /login?next=%2F 200 in 62ms
 GET /login?next=%2F 200 in 62ms
 GET /login?next=%2F 200 in 69ms
 GET /login?next=%2F 200 in 68ms
 GET /login?next=%2F 200 in 64ms
 GET /login?next=%2F 200 in 62ms
 GET /login?next=%2F 200 in 63ms
 GET /login?next=%2F 200 in 68ms
 GET /login?next=%2F 200 in 60ms
 GET /login?next=%2F 200 in 65ms
 GET /login?next=%2F 200 in 70ms
 GET /login?next=%2F 200 in 71ms
 GET /login?next=%2F 200 in 64ms
 GET /login?next=%2F 200 in 68ms
 GET /login?next=%2F 200 in 60ms
 GET /login?next=%2F 200 in 74ms
 GET /login?next=%2F 200 in 61ms
 GET /login?next=%2F 200 in 61ms
 GET /login?next=%2F 200 in 69ms
 GET /login?next=%2F 200 in 67ms
 GET /login?next=%2F 200 in 64ms
 GET /login?next=%2F 200 in 65ms
 GET /login?next=%2F 200 in 63ms
 GET /login?next=%2F 200 in 75ms
 GET /login?next=%2F 200 in 63ms
 GET /login?next=%2F 200 in 70ms
 GET /login?next=%2F 200 in 66ms
 GET /login?next=%2F 200 in 65ms
 GET /login?next=%2F 200 in 62ms
 GET /login?next=%2F 200 in 63ms
 GET /login?next=%2F 200 in 62ms
 GET /login?next=%2F 200 in 67ms
 GET /login?next=%2F 200 in 71ms
 GET /login?next=%2F 200 in 70ms
 GET /login?next=%2F 200 in 62ms
 GET /login?next=%2F 200 in 56ms
 GET /login?next=%2F 200 in 61ms
 GET /login?next=%2F 200 in 75ms
 GET /login?next=%2F 200 in 74ms
 GET /login?next=%2F 200 in 65ms
 GET /login?next=%2F 200 in 62ms
 GET /login?next=%2F 200 in 64ms
 GET /login?next=%2F 200 in 67ms
 GET /login?next=%2F 200 in 66ms
 GET /login?next=%2F 200 in 63ms
 GET /login?next=%2F 200 in 61ms
 GET /login?next=%2F 200 in 58ms
 GET /login?next=%2F 200 in 62ms
 GET /login?next=%2F 200 in 70ms
 GET /login?next=%2F 200 in 70ms
 GET /login?next=%2F 200 in 63ms
 GET /login?next=%2F 200 in 70ms
 GET /login?next=%2F 200 in 65ms
 GET /login?next=%2F 200 in 72ms
 GET /login?next=%2F 200 in 65ms
 GET /login?next=%2F 200 in 70ms
 GET /login?next=%2F 200 in 67ms
 GET /login?next=%2F 200 in 73ms
 GET /login?next=%2F 200 in 65ms
 GET /login?next=%2F 200 in 67ms
 GET /login?next=%2F 200 in 70ms
 GET /login?next=%2F 200 in 70ms
 GET /login?next=%2F 200 in 69ms
 GET /login?next=%2F 200 in 69ms
 GET /login?next=%2F 200 in 67ms
 GET /login?next=%2F 200 in 74ms
 GET /login?next=%2F 200 in 59ms
 GET /login?next=%2F 200 in 68ms
 GET /login?next=%2F 200 in 63ms
 GET /login?next=%2F 200 in 71ms
 GET /login?next=%2F 200 in 94ms
 GET /login?next=%2F 200 in 97ms
 GET /login?next=%2F 200 in 111ms
 GET /login?next=%2F 200 in 239ms
 GET /login?next=%2F 200 in 78ms
 GET /login?next=%2F 200 in 76ms
 GET /login?next=%2F 200 in 88ms
 GET /login?next=%2F 200 in 70ms
 GET /login?next=%2F 200 in 71ms
 GET /login?next=%2F 200 in 74ms
 GET /login?next=%2F 200 in 81ms
 GET /login?next=%2F 200 in 85ms
 GET /login?next=%2F 200 in 75ms
 GET /login?next=%2F 200 in 79ms
 GET /login?next=%2F 200 in 71ms
 GET /login?next=%2F 200 in 84ms
 GET /login?next=%2F 200 in 71ms
 GET /login?next=%2F 200 in 72ms
 GET /login?next=%2F 200 in 69ms
 GET /login?next=%2F 200 in 83ms
 GET /login?next=%2F 200 in 66ms
 GET /login?next=%2F 200 in 66ms
 GET /login?next=%2F 200 in 77ms
 GET /login?next=%2F 200 in 79ms
 GET /login?next=%2F 200 in 75ms
 GET /login?next=%2F 200 in 73ms
 GET /login?next=%2F 200 in 68ms
 GET /login?next=%2F 200 in 78ms
 GET /login?next=%2F 200 in 68ms
 GET /login?next=%2F 200 in 72ms
 GET /login?next=%2F 200 in 76ms
 GET /login?next=%2F 200 in 82ms
 GET /login?next=%2F 200 in 73ms
 GET /login?next=%2F 200 in 73ms
 GET /login?next=%2F 200 in 73ms
 GET /login?next=%2F 200 in 77ms
 GET /login?next=%2F 200 in 79ms
 GET /login?next=%2F 200 in 70ms
 GET /login?next=%2F 200 in 73ms
 GET /login?next=%2F 200 in 64ms
 GET /login?next=%2F 200 in 64ms
 GET /login?next=%2F 200 in 84ms
 GET /login?next=%2F 200 in 72ms
 GET /login?next=%2F 200 in 71ms
 GET /login?next=%2F 200 in 67ms
 GET /login?next=%2F 200 in 85ms
 GET /login?next=%2F 200 in 81ms
 GET /login?next=%2F 200 in 72ms
 GET /login?next=%2F 200 in 66ms
 GET /login?next=%2F 200 in 67ms
 GET /login?next=%2F 200 in 81ms
 GET /login?next=%2F 200 in 72ms
 GET /login?next=%2F 200 in 79ms
 GET /login?next=%2F 200 in 67ms
 GET /login?next=%2F 200 in 64ms
 GET /login?next=%2F 200 in 67ms
 GET /login?next=%2F 200 in 69ms
 GET /login?next=%2F 200 in 76ms
 GET /login?next=%2F 200 in 62ms
 GET /login?next=%2F 200 in 66ms
 GET /login?next=%2F 200 in 81ms
 GET /login?next=%2F 200 in 74ms
 GET /login?next=%2F 200 in 66ms
 GET /login?next=%2F 200 in 68ms
 GET /login?next=%2F 200 in 81ms
 GET /login?next=%2F 200 in 75ms
 GET /login?next=%2F 200 in 61ms
 GET /login?next=%2F 200 in 75ms
 GET /login?next=%2F 200 in 66ms
 GET /login?next=%2F 200 in 70ms
 GET /login?next=%2F 200 in 59ms
 GET /login?next=%2F 200 in 63ms
 GET /login?next=%2F 200 in 76ms
 GET /login?next=%2F 200 in 69ms
 GET /login?next=%2F 200 in 71ms
 GET /login?next=%2F 200 in 64ms
 GET /login?next=%2F 200 in 63ms
 GET /login?next=%2F 200 in 72ms
 GET /login?next=%2F 200 in 66ms
 GET /login?next=%2F 200 in 64ms
 GET /login?next=%2F 200 in 64ms
 GET /login?next=%2F 200 in 73ms
 GET /login?next=%2F 200 in 60ms
 GET /login?next=%2F 200 in 60ms
 GET /login?next=%2F 200 in 67ms
 GET /login?next=%2F 200 in 59ms
 GET /login?next=%2F 200 in 65ms
 GET /login?next=%2F 200 in 69ms
 GET /login?next=%2F 200 in 70ms
 GET /login?next=%2F 200 in 69ms
 GET /login?next=%2F 200 in 63ms
 GET /login?next=%2F 200 in 66ms
 GET /login?next=%2F 200 in 70ms
 GET /login?next=%2F 200 in 64ms
 GET /login?next=%2F 200 in 70ms
 GET /login?next=%2F 200 in 71ms
 GET /login?next=%2F 200 in 72ms
 GET /login?next=%2F 200 in 66ms
 GET /login?next=%2F 200 in 74ms
 GET /login?next=%2F 200 in 65ms
 GET /login?next=%2F 200 in -4ms
 GET /login?next=%2F 200 in 65ms
 GET /login?next=%2F 200 in 70ms
 GET /login?next=%2F 200 in 70ms
 GET /login?next=%2F 200 in 73ms
 GET /login?next=%2F 200 in 70ms
 GET /login?next=%2F 200 in 78ms
 GET /login?next=%2F 200 in 69ms
 GET /login?next=%2F 200 in 76ms
 GET /login?next=%2F 200 in 68ms
 GET /login?next=%2F 200 in 66ms
 GET /login?next=%2F 200 in 83ms
 GET /login?next=%2F 200 in 74ms
 GET /login?next=%2F 200 in 61ms
 GET /login?next=%2F 200 in 60ms
 GET /login?next=%2F 200 in 71ms
 GET /login?next=%2F 200 in 73ms
 GET /login?next=%2F 200 in 72ms
 GET /login?next=%2F 200 in 65ms
 GET /login?next=%2F 200 in 71ms
 GET /login?next=%2F 200 in 68ms
 GET /login?next=%2F 200 in 68ms
 GET /login?next=%2F 200 in 67ms
 GET /login?next=%2F 200 in 79ms
 GET /login?next=%2F 200 in 62ms
 GET /login?next=%2F 200 in 62ms
 GET /login?next=%2F 200 in 71ms
 GET /login?next=%2F 200 in 75ms
 GET /login?next=%2F 200 in 68ms
 GET /login?next=%2F 200 in 62ms
 GET /login?next=%2F 200 in 67ms
 GET /login?next=%2F 200 in 73ms
 GET /login?next=%2F 200 in 66ms
 GET /login?next=%2F 200 in 61ms
 GET /login?next=%2F 200 in 79ms
 GET /login?next=%2F 200 in 80ms
 GET /login?next=%2F 200 in 67ms
 GET /login?next=%2F 200 in 71ms
 GET /login?next=%2F 200 in 67ms
 GET /login?next=%2F 200 in 74ms
 GET /login?next=%2F 200 in 72ms
 GET /login?next=%2F 200 in 65ms
 GET /login?next=%2F 200 in 70ms
 GET /login?next=%2F 200 in 72ms
 GET /login?next=%2F 200 in 65ms
 GET /login?next=%2F 200 in 82ms
 GET /login?next=%2F 200 in 78ms
 GET /login?next=%2F 200 in 77ms
 GET /login?next=%2F 200 in 71ms
 GET /login?next=%2F 200 in 68ms
 GET /login?next=%2F 200 in 67ms
 GET /login?next=%2F 200 in 73ms
 GET /login?next=%2F 200 in 72ms
 GET /login?next=%2F 200 in 74ms
 GET /login?next=%2F 200 in 67ms
 GET /login?next=%2F 200 in 70ms
 GET /login?next=%2F 200 in 63ms
 GET /login?next=%2F 200 in 70ms
 GET /login?next=%2F 200 in 66ms
 GET /login?next=%2F 200 in 77ms
 GET /login?next=%2F 200 in 78ms
 GET /login?next=%2F 200 in 68ms
 GET /login?next=%2F 200 in 81ms
 GET /login?next=%2F 200 in 69ms
 GET /login?next=%2F 200 in 77ms
 GET /login?next=%2F 200 in 81ms
 GET /login?next=%2F 200 in 68ms
 GET /login?next=%2F 200 in 71ms
 GET /login?next=%2F 200 in 69ms
 GET /login?next=%2F 200 in 71ms
 GET /login?next=%2F 200 in 67ms
 GET /login?next=%2F 200 in 68ms
 GET /login?next=%2F 200 in 67ms
 GET /login?next=%2F 200 in 62ms
 GET /login?next=%2F 200 in 64ms
 GET /login?next=%2F 200 in 74ms
 GET /login?next=%2F 200 in 75ms
 GET /login?next=%2F 200 in 66ms
 GET /login?next=%2F 200 in 65ms
 GET /login?next=%2F 200 in 62ms
 GET /login?next=%2F 200 in 73ms
 GET /login?next=%2F 200 in 68ms
 GET /login?next=%2F 200 in 64ms
 GET /login?next=%2F 200 in 72ms
 GET /login?next=%2F 200 in 81ms
 GET /login?next=%2F 200 in 65ms
 GET /login?next=%2F 200 in 73ms
 GET /login?next=%2F 200 in 63ms
 GET /login?next=%2F 200 in 73ms
 GET /login?next=%2F 200 in 66ms
 GET /login?next=%2F 200 in 65ms
 GET /login?next=%2F 200 in 67ms
 GET /login?next=%2F 200 in 76ms
 GET /login?next=%2F 200 in 63ms
 GET /login?next=%2F 200 in 70ms
 GET /login?next=%2F 200 in 76ms
 GET /login?next=%2F 200 in 79ms
 GET /login?next=%2F 200 in 70ms
 GET /login?next=%2F 200 in 71ms
 GET /login?next=%2F 200 in 69ms
 GET /login?next=%2F 200 in 72ms
 GET /login?next=%2F 200 in 69ms
 GET /login?next=%2F 200 in 73ms
 GET /login?next=%2F 200 in 67ms
 GET /login?next=%2F 200 in 68ms
 GET /login?next=%2F 200 in 63ms
 GET /login?next=%2F 200 in 66ms
 GET /login?next=%2F 200 in 82ms
 GET /login?next=%2F 200 in 73ms
 GET /login?next=%2F 200 in 67ms
 GET /login?next=%2F 200 in 64ms
 GET /login?next=%2F 200 in 71ms
 GET /login?next=%2F 200 in 65ms
 GET /login?next=%2F 200 in 69ms
 GET /login?next=%2F 200 in 70ms
 GET /login?next=%2F 200 in 81ms
 GET /login?next=%2F 200 in 64ms
 GET /login?next=%2F 200 in 64ms
 GET /login?next=%2F 200 in 66ms
 GET /login?next=%2F 200 in 79ms
 GET /login?next=%2F 200 in 74ms
 GET /login?next=%2F 200 in 73ms
 GET /login?next=%2F 200 in 71ms
 GET /login?next=%2F 200 in 79ms
 GET /login?next=%2F 200 in 63ms
 GET /login?next=%2F 200 in 65ms
 GET /login?next=%2F 200 in 63ms
 GET /login?next=%2F 200 in 80ms
 GET /login?next=%2F 200 in 58ms
 GET /login?next=%2F 200 in 61ms
 GET /login?next=%2F 200 in 77ms
 GET /login?next=%2F 200 in 70ms
 GET /login?next=%2F 200 in 73ms
 GET /login?next=%2F 200 in 70ms
 GET /login?next=%2F 200 in 73ms
 GET /login?next=%2F 200 in 82ms
 GET /login?next=%2F 200 in 67ms
 GET /login?next=%2F 200 in 65ms
 GET /login?next=%2F 200 in 72ms
 GET /login?next=%2F 200 in 76ms
 GET /login?next=%2F 200 in 71ms
 GET /login?next=%2F 200 in 69ms
 GET /login?next=%2F 200 in 68ms
 GET /login?next=%2F 200 in 71ms
 GET /login?next=%2F 200 in 63ms
 GET /login?next=%2F 200 in 65ms
 GET /login?next=%2F 200 in 67ms
 GET /login?next=%2F 200 in 68ms
 GET /login?next=%2F 200 in 69ms
 GET /login?next=%2F 200 in 71ms
 GET /login?next=%2F 200 in 69ms
 GET /login?next=%2F 200 in 67ms
 GET /login?next=%2F 200 in 75ms
 GET /login?next=%2F 200 in 65ms
 GET /login?next=%2F 200 in 76ms
 GET /login?next=%2F 200 in 59ms
 GET /login?next=%2F 200 in 62ms
 GET /login?next=%2F 200 in 66ms
 GET /login?next=%2F 200 in 67ms
 GET /login?next=%2F 200 in 64ms
 GET /login?next=%2F 200 in 64ms
 GET /login?next=%2F 200 in 74ms
 GET /login?next=%2F 200 in 72ms
 GET /login?next=%2F 200 in 66ms
 GET /login?next=%2F 200 in 65ms
 GET /login?next=%2F 200 in 64ms
 GET /login?next=%2F 200 in 65ms
 GET /login?next=%2F 200 in 84ms
 GET /login?next=%2F 200 in 69ms
 GET /login?next=%2F 200 in 70ms
 GET /login?next=%2F 200 in 67ms
 GET /login?next=%2F 200 in 65ms
 GET /login?next=%2F 200 in 63ms
 GET /login?next=%2F 200 in 79ms
 GET /login?next=%2F 200 in 65ms
 GET /login?next=%2F 200 in 66ms
 GET /login?next=%2F 200 in 65ms
 GET /login?next=%2F 200 in 82ms
 GET /login?next=%2F 200 in 69ms
 GET /login?next=%2F 200 in 66ms
 GET /login?next=%2F 200 in 74ms
 GET /login?next=%2F 200 in 77ms
 GET /login?next=%2F 200 in 66ms
 GET /login?next=%2F 200 in 72ms
 GET /login?next=%2F 200 in 71ms
 GET /login?next=%2F 200 in 65ms
 GET /login?next=%2F 200 in 67ms
 GET /login?next=%2F 200 in 69ms
 GET /login?next=%2F 200 in 66ms
 GET /login?next=%2F 200 in 61ms
 GET /login?next=%2F 200 in 61ms
 GET /login?next=%2F 200 in 70ms
 GET /login?next=%2F 200 in 76ms
 GET /login?next=%2F 200 in 70ms
 GET /login?next=%2F 200 in 67ms
 GET /login?next=%2F 200 in 68ms
 GET /login?next=%2F 200 in 73ms
 GET /login?next=%2F 200 in 60ms
 GET /login?next=%2F 200 in 74ms
 GET /login?next=%2F 200 in 67ms
 GET /login?next=%2F 200 in 70ms
 GET /login?next=%2F 200 in 66ms
 GET /login?next=%2F 200 in 76ms
 GET /login?next=%2F 200 in 67ms
 GET /login?next=%2F 200 in 66ms
 GET /login?next=%2F 200 in 65ms
 GET /login?next=%2F 200 in 61ms
 GET /login?next=%2F 200 in 62ms
 GET /login?next=%2F 200 in 81ms
 GET /login?next=%2F 200 in 75ms
 GET /login?next=%2F 200 in 78ms
 GET /login?next=%2F 200 in 82ms
 GET /login?next=%2F 200 in 71ms
 GET /login?next=%2F 200 in 65ms
 GET /login?next=%2F 200 in 73ms
 GET /login?next=%2F 200 in 70ms
 GET /login?next=%2F 200 in 66ms
 GET /login?next=%2F 200 in 72ms
 GET /login?next=%2F 200 in 71ms
 GET /login?next=%2F 200 in 67ms
 GET /login?next=%2F 200 in 64ms
 GET /login?next=%2F 200 in 69ms
 GET /login?next=%2F 200 in 76ms
 GET /login?next=%2F 200 in 64ms
 GET /login?next=%2F 200 in 66ms
 GET /login?next=%2F 200 in 67ms
 GET /login?next=%2F 200 in 72ms
 GET /login?next=%2F 200 in 64ms
 GET /login?next=%2F 200 in 64ms
 GET /login?next=%2F 200 in 67ms
 GET /login?next=%2F 200 in 77ms
 GET /login?next=%2F 200 in 69ms
 GET /login?next=%2F 200 in 73ms
 GET /login?next=%2F 200 in 70ms
 GET /login?next=%2F 200 in 78ms
 GET /login?next=%2F 200 in 65ms
 GET /login?next=%2F 200 in 72ms
 GET /login?next=%2F 200 in 71ms
 GET /login?next=%2F 200 in 83ms
 GET /login?next=%2F 200 in 73ms
 GET /login?next=%2F 200 in 96ms
 GET /login?next=%2F 200 in 82ms
 GET /login?next=%2F 200 in 76ms
 GET /login?next=%2F 200 in 87ms
 GET /login?next=%2F 200 in 70ms
 GET /login?next=%2F 200 in 71ms
 GET /login?next=%2F 200 in 61ms
 GET /login?next=%2F 200 in 75ms
 GET /login?next=%2F 200 in 77ms
 GET /login?next=%2F 200 in 77ms
 GET /login?next=%2F 200 in 71ms
 GET /login?next=%2F 200 in 77ms
 GET /login?next=%2F 200 in 67ms
 GET /login?next=%2F 200 in 80ms
 GET /login?next=%2F 200 in 69ms
 GET /login?next=%2F 200 in 70ms
 GET /login?next=%2F 200 in 73ms
 GET /login?next=%2F 200 in 72ms
 GET /login?next=%2F 200 in 70ms
 GET /login?next=%2F 200 in 70ms
 GET /login?next=%2F 200 in 71ms
 GET /login?next=%2F 200 in 74ms
 GET /login?next=%2F 200 in 66ms
 GET /login?next=%2F 200 in 73ms
 GET /login?next=%2F 200 in 73ms
 GET /login?next=%2F 200 in 73ms
 GET /login?next=%2F 200 in 71ms
 GET /login?next=%2F 200 in 67ms
 GET /login?next=%2F 200 in 66ms
 GET /login?next=%2F 200 in 77ms
 GET /login?next=%2F 200 in 66ms
 GET /login?next=%2F 200 in 71ms
 GET /login?next=%2F 200 in 67ms
 GET /login?next=%2F 200 in 76ms
 GET /login?next=%2F 200 in 63ms
 GET /login?next=%2F 200 in 65ms
 GET /login?next=%2F 200 in 70ms
 GET /login?next=%2F 200 in 78ms
 GET /login?next=%2F 200 in 67ms
 GET /login?next=%2F 200 in 75ms
 GET /login?next=%2F 200 in 109ms
 GET /login?next=%2F 200 in 71ms
 GET /login?next=%2F 200 in 74ms
 GET /login?next=%2F 200 in 64ms
 GET /login?next=%2F 200 in 69ms
 GET /login?next=%2F 200 in 70ms
 GET /login?next=%2F 200 in 74ms
 GET /login?next=%2F 200 in 69ms
 GET /login?next=%2F 200 in 66ms
 GET /login?next=%2F 200 in 69ms
 GET /login?next=%2F 200 in 58ms
 GET /login?next=%2F 200 in 67ms
 GET /login?next=%2F 200 in 65ms
 GET /login?next=%2F 200 in 82ms
 GET /login?next=%2F 200 in 61ms
 GET /login?next=%2F 200 in 63ms
 GET /login?next=%2F 200 in 64ms
 GET /login?next=%2F 200 in 75ms
 GET /login?next=%2F 200 in 63ms
 GET /login?next=%2F 200 in 69ms
 GET /login?next=%2F 200 in 73ms
 GET /login?next=%2F 200 in 71ms
 GET /login?next=%2F 200 in 60ms
 GET /login?next=%2F 200 in 65ms
 GET /login?next=%2F 200 in 83ms
 GET /login?next=%2F 200 in 67ms
 GET /login?next=%2F 200 in 81ms
 GET /login?next=%2F 200 in 78ms
 GET /login?next=%2F 200 in 96ms
 GET /login?next=%2F 200 in 75ms
 GET /login?next=%2F 200 in 77ms
 GET /login?next=%2F 200 in 69ms
 GET /login?next=%2F 200 in 77ms
 GET /login?next=%2F 200 in 67ms
 GET /login?next=%2F 200 in 68ms
 GET /login?next=%2F 200 in 65ms
 GET /login?next=%2F 200 in 70ms
 GET /login?next=%2F 200 in 59ms
 GET /login?next=%2F 200 in 61ms
 GET /login?next=%2F 200 in 71ms
 GET /login?next=%2F 200 in 79ms
 GET /login?next=%2F 200 in 70ms
 GET /login?next=%2F 200 in 63ms
 GET /login?next=%2F 200 in 68ms
 GET /login?next=%2F 200 in 71ms
 GET /login?next=%2F 200 in 67ms
 GET /login?next=%2F 200 in 72ms
 GET /login?next=%2F 200 in 67ms
 GET /login?next=%2F 200 in 65ms
 GET /login?next=%2F 200 in 64ms
 GET /login?next=%2F 200 in 218ms
 GET /login?next=%2F 200 in 76ms
 GET /login?next=%2F 200 in 81ms
 GET /login?next=%2F 200 in 69ms
 GET /login?next=%2F 200 in 78ms
 GET /login?next=%2F 200 in 69ms
 GET /login?next=%2F 200 in 76ms
 GET /login?next=%2F 200 in 75ms
 GET /login?next=%2F 200 in 83ms
 GET /login?next=%2F 200 in 65ms
 GET /login?next=%2F 200 in 71ms
 GET /login?next=%2F 200 in 67ms
 GET /login?next=%2F 200 in 65ms
 GET /login?next=%2F 200 in 72ms
 GET /login?next=%2F 200 in 65ms
 GET /login?next=%2F 200 in 62ms
 GET /login?next=%2F 200 in 78ms
 GET /login?next=%2F 200 in 72ms
 GET /login?next=%2F 200 in 72ms
 GET /login?next=%2F 200 in 73ms
 GET /login?next=%2F 200 in 64ms
 GET /login?next=%2F 200 in 78ms
 GET /login?next=%2F 200 in 65ms
 GET /login?next=%2F 200 in 65ms
 GET /login?next=%2F 200 in 68ms
 GET /login?next=%2F 200 in 63ms
 GET /login?next=%2F 200 in 82ms
 GET /login?next=%2F 200 in 62ms
 GET /login?next=%2F 200 in 65ms
 GET /login?next=%2F 200 in 72ms
 GET /login?next=%2F 200 in 76ms
 GET /login?next=%2F 200 in 71ms
 GET /login?next=%2F 200 in 63ms
 GET /login?next=%2F 200 in 72ms
 GET /login?next=%2F 200 in 76ms
 GET /login?next=%2F 200 in 71ms
 GET /login?next=%2F 200 in 75ms
 GET /login?next=%2F 200 in 66ms
 GET /login?next=%2F 200 in 203ms
 GET /login?next=%2F 200 in 64ms
 GET /login?next=%2F 200 in 66ms
 GET /login?next=%2F 200 in 71ms
 GET /login?next=%2F 200 in 76ms
 GET /login?next=%2F 200 in 71ms
 GET /login?next=%2F 200 in 72ms
 GET /login?next=%2F 200 in 68ms
 GET /login?next=%2F 200 in 79ms
 GET /login?next=%2F 200 in 66ms
 GET /login?next=%2F 200 in 71ms
 GET /login?next=%2F 200 in 80ms
 GET /login?next=%2F 200 in 71ms
 GET /login?next=%2F 200 in 64ms
 GET /login?next=%2F 200 in 70ms
 GET /login?next=%2F 200 in 76ms
 GET /login?next=%2F 200 in 67ms
 GET /login?next=%2F 200 in 73ms
 GET /login?next=%2F 200 in 73ms
 GET /login?next=%2F 200 in 73ms
 GET /login?next=%2F 200 in 73ms
 GET /login?next=%2F 200 in 73ms
 GET /login?next=%2F 200 in 64ms
 GET /login?next=%2F 200 in 63ms
 GET /login?next=%2F 200 in 62ms
 GET /login?next=%2F 200 in 70ms
 GET /login?next=%2F 200 in 69ms
 GET /login?next=%2F 200 in 70ms
 GET /login?next=%2F 200 in 73ms
 GET /login?next=%2F 200 in 71ms
 GET /login?next=%2F 200 in 68ms
 GET /login?next=%2F 200 in 62ms
 GET /login?next=%2F 200 in 65ms
 GET /login?next=%2F 200 in 68ms
 GET /login?next=%2F 200 in 69ms
 GET /login?next=%2F 200 in 65ms
 GET /login?next=%2F 200 in 69ms
 GET /login?next=%2F 200 in 64ms
 GET /login?next=%2F 200 in 80ms
 GET /login?next=%2F 200 in 73ms
 GET /login?next=%2F 200 in 68ms
 GET /login?next=%2F 200 in 71ms
 GET /login?next=%2F 200 in 75ms
 GET /login?next=%2F 200 in 71ms
 GET /login?next=%2F 200 in 75ms
 GET /login?next=%2F 200 in 82ms
 GET /login?next=%2F 200 in 76ms
 GET /login?next=%2F 200 in 81ms
 GET /login?next=%2F 200 in 99ms
 GET /login?next=%2F 200 in 76ms
 GET /login?next=%2F 200 in 67ms
 GET /login?next=%2F 200 in 70ms
 GET /login?next=%2F 200 in 70ms
 GET /login?next=%2F 200 in 69ms
 GET /login?next=%2F 200 in 68ms
 GET /login?next=%2F 200 in 79ms
 GET /login?next=%2F 200 in 84ms
 GET /login?next=%2F 200 in 74ms
 GET /login?next=%2F 200 in 3454ms
 GET /login?next=%2F 200 in 71ms
 GET /login?next=%2F 200 in 80ms
 GET /login?next=%2F 200 in 69ms
 GET /login?next=%2F 200 in 80ms
 GET /login?next=%2F 200 in 82ms
 GET /login?next=%2F 200 in 74ms
 GET /login?next=%2F 200 in 72ms
 GET /login?next=%2F 200 in 72ms
 GET /login?next=%2F 200 in 69ms
 GET /login?next=%2F 200 in 78ms
 GET /login?next=%2F 200 in 70ms
 GET /login?next=%2F 200 in 73ms
 GET /login?next=%2F 200 in 75ms
 GET /login?next=%2F 200 in 76ms
 GET /login?next=%2F 200 in 70ms
 GET /login?next=%2F 200 in 70ms
 GET /login?next=%2F 200 in 70ms
 GET /login?next=%2F 200 in 75ms
 GET /login?next=%2F 200 in 74ms
 GET /login?next=%2F 200 in 74ms
 GET /login?next=%2F 200 in 70ms
 GET /login?next=%2F 200 in 73ms
 GET /login?next=%2F 200 in 78ms
 GET /login?next=%2F 200 in 67ms
 GET /login?next=%2F 200 in 68ms
 GET /login?next=%2F 200 in 64ms
 GET /login?next=%2F 200 in 67ms
 GET /login?next=%2F 200 in 78ms
 GET /login?next=%2F 200 in 74ms
 GET /login?next=%2F 200 in 68ms
 GET /login?next=%2F 200 in 78ms
 GET /login?next=%2F 200 in 78ms
 GET /login?next=%2F 200 in 77ms
 GET /login?next=%2F 200 in 71ms
 GET /login?next=%2F 200 in 71ms
 GET /login?next=%2F 200 in 79ms
 GET /login?next=%2F 200 in 78ms
 GET /login?next=%2F 200 in 80ms
 GET /login?next=%2F 200 in 90ms
 GET /login?next=%2F 200 in 76ms
 GET /login?next=%2F 200 in 84ms
 GET /login?next=%2F 200 in 77ms
 GET /login?next=%2F 200 in 80ms
 GET /login?next=%2F 200 in 67ms
 GET /login?next=%2F 200 in 77ms
 GET /login?next=%2F 200 in 76ms
 GET /login?next=%2F 200 in 79ms
 GET /login?next=%2F 200 in 88ms
 GET /login?next=%2F 200 in 87ms
 GET /login?next=%2F 200 in 74ms
 GET /login?next=%2F 200 in 72ms
 GET /login?next=%2F 200 in 72ms
 GET /login?next=%2F 200 in 70ms
 GET /login?next=%2F 200 in 72ms
 GET /login?next=%2F 200 in 74ms
 GET /login?next=%2F 200 in 76ms
 GET /login?next=%2F 200 in 71ms
 GET /login?next=%2F 200 in 70ms
 GET /login?next=%2F 200 in 70ms
 GET /login?next=%2F 200 in 70ms
 GET /login?next=%2F 200 in 71ms
 GET /login?next=%2F 200 in 76ms
 GET /login?next=%2F 200 in 69ms
 GET /login?next=%2F 200 in 67ms
 GET /login?next=%2F 200 in 65ms
 GET /login?next=%2F 200 in 65ms
 GET /login?next=%2F 200 in 73ms
 GET /login?next=%2F 200 in 71ms
 GET /login?next=%2F 200 in 77ms
 GET /login?next=%2F 200 in 80ms
 GET /login?next=%2F 200 in 71ms
 GET /login?next=%2F 200 in 84ms
 GET /login?next=%2F 200 in 79ms
 GET /login?next=%2F 200 in 71ms
 GET /login?next=%2F 200 in 69ms
 GET /login?next=%2F 200 in 75ms
 GET /login?next=%2F 200 in 83ms
 GET /login?next=%2F 200 in 77ms
 GET /login?next=%2F 200 in 77ms
 GET /login?next=%2F 200 in 83ms
 GET /login?next=%2F 200 in 83ms
 GET /login?next=%2F 200 in 77ms
 GET /login?next=%2F 200 in 86ms
 GET /login?next=%2F 200 in 74ms
 GET /login?next=%2F 200 in 80ms
 GET /login?next=%2F 200 in 71ms
 GET /login?next=%2F 200 in 78ms
 GET /login?next=%2F 200 in 82ms
 GET /login?next=%2F 200 in 71ms
 GET /login?next=%2F 200 in 70ms
 GET /login?next=%2F 200 in 73ms
 GET /login?next=%2F 200 in 68ms
 GET /login?next=%2F 200 in 78ms
 GET /login?next=%2F 200 in 66ms
 GET /login?next=%2F 200 in 71ms
 GET /login?next=%2F 200 in 67ms
 GET /login?next=%2F 200 in 68ms
 GET /login?next=%2F 200 in 61ms
 GET /login?next=%2F 200 in 66ms
 GET /login?next=%2F 200 in 73ms
 GET /login?next=%2F 200 in 75ms
 GET /login?next=%2F 200 in 83ms
 GET /login?next=%2F 200 in 77ms
 GET /login?next=%2F 200 in 74ms
 GET /login?next=%2F 200 in 78ms
 GET /login?next=%2F 200 in 69ms
 GET /login?next=%2F 200 in 73ms
 GET /login?next=%2F 200 in 66ms
 GET /login?next=%2F 200 in 75ms
 GET /login?next=%2F 200 in 67ms
 GET /login?next=%2F 200 in 67ms
 GET /login?next=%2F 200 in 76ms
 GET /login?next=%2F 200 in 79ms
 GET /login?next=%2F 200 in 86ms
 GET /login?next=%2F 200 in 71ms
 GET /login?next=%2F 200 in 69ms
 GET /login?next=%2F 200 in 86ms
 GET /login?next=%2F 200 in 70ms
 GET /login?next=%2F 200 in 79ms
 GET /login?next=%2F 200 in 74ms
 GET /login?next=%2F 200 in 77ms
 GET /login?next=%2F 200 in 77ms
 GET /login?next=%2F 200 in 68ms
 GET /login?next=%2F 200 in 78ms
 GET /login?next=%2F 200 in 81ms
 GET /login?next=%2F 200 in 70ms
 GET /login?next=%2F 200 in 72ms
 GET /login?next=%2F 200 in 61ms
 GET /login?next=%2F 200 in 72ms
 GET /login?next=%2F 200 in 73ms
 GET /login?next=%2F 200 in 65ms
 GET /login?next=%2F 200 in 80ms
 GET /login?next=%2F 200 in 76ms
 GET /login?next=%2F 200 in 71ms
 GET /login?next=%2F 200 in 82ms
 GET /login?next=%2F 200 in 68ms
 GET /login?next=%2F 200 in 65ms
 GET /login?next=%2F 200 in 70ms
 GET /login?next=%2F 200 in 70ms
 GET /login?next=%2F 200 in 68ms
 GET /login?next=%2F 200 in 69ms
 GET /login?next=%2F 200 in 67ms
 GET /login?next=%2F 200 in 73ms
 GET /login?next=%2F 200 in 85ms
 GET /login?next=%2F 200 in 73ms
 GET /login?next=%2F 200 in 77ms
 GET /login?next=%2F 200 in 86ms
 GET /login?next=%2F 200 in 83ms
 GET /login?next=%2F 200 in 73ms
 GET /login?next=%2F 200 in 85ms
 GET /login?next=%2F 200 in 72ms
 GET /login?next=%2F 200 in 77ms
 GET /login?next=%2F 200 in 83ms
 GET /login?next=%2F 200 in 80ms
 GET /login?next=%2F 200 in 70ms
 GET /login?next=%2F 200 in 67ms
 GET /login?next=%2F 200 in 80ms
 GET /login?next=%2F 200 in 64ms
 GET /login?next=%2F 200 in 64ms
 GET /login?next=%2F 200 in 66ms
 GET /login?next=%2F 200 in 67ms
 GET /login?next=%2F 200 in 67ms
 GET /login?next=%2F 200 in 63ms
 GET /login?next=%2F 200 in 69ms
 GET /login?next=%2F 200 in 70ms
 GET /login?next=%2F 200 in 71ms
 GET /login?next=%2F 200 in 66ms
 GET /login?next=%2F 200 in 64ms
 GET /login?next=%2F 200 in 77ms
 GET /login?next=%2F 200 in 61ms
 GET /login?next=%2F 200 in 64ms
 GET /login?next=%2F 200 in 56ms
 GET /login?next=%2F 200 in 66ms
 GET /login?next=%2F 200 in 82ms
 GET /login?next=%2F 200 in 64ms
 GET /login?next=%2F 200 in 67ms
 GET /login?next=%2F 200 in 77ms
 GET /login?next=%2F 200 in 74ms
 GET /login?next=%2F 200 in 73ms
 GET /login?next=%2F 200 in 70ms
 GET /login?next=%2F 200 in 64ms
 GET /login?next=%2F 200 in 79ms
 GET /login?next=%2F 200 in 62ms
 GET /login?next=%2F 200 in 64ms
 GET /login?next=%2F 200 in 65ms
 GET /login?next=%2F 200 in 85ms
 GET /login?next=%2F 200 in 72ms
 GET /login?next=%2F 200 in 76ms
 GET /login?next=%2F 200 in 74ms
 GET /login?next=%2F 200 in 3409ms
 GET /login?next=%2F 200 in 68ms
 GET /login?next=%2F 200 in 82ms
 GET /login?next=%2F 200 in 69ms
 GET /login?next=%2F 200 in 88ms
 GET /login?next=%2F 200 in 78ms
 GET /login?next=%2F 200 in 89ms
 GET /login?next=%2F 200 in 67ms
 GET /login?next=%2F 200 in 82ms
 GET /login?next=%2F 200 in 70ms
 GET /login?next=%2F 200 in 67ms
 GET /login?next=%2F 200 in 72ms
 GET /login?next=%2F 200 in 78ms
 GET /login?next=%2F 200 in 66ms
 GET /login?next=%2F 200 in 67ms
 GET /login?next=%2F 200 in 75ms
 GET /login?next=%2F 200 in 67ms
 GET /login?next=%2F 200 in 79ms
 GET /login?next=%2F 200 in 63ms
 GET /login?next=%2F 200 in 67ms
 GET /login?next=%2F 200 in 65ms
 GET /login?next=%2F 200 in 66ms
 GET /login?next=%2F 200 in 67ms
 GET /login?next=%2F 200 in 72ms
 GET /login?next=%2F 200 in 79ms
 GET /login?next=%2F 200 in 84ms
 GET /login?next=%2F 200 in 66ms
 GET /login?next=%2F 200 in 68ms
 GET /login?next=%2F 200 in 65ms
 GET /login?next=%2F 200 in 68ms
 GET /login?next=%2F 200 in 76ms
 GET /login?next=%2F 200 in 82ms
 GET /login?next=%2F 200 in 73ms
 GET /login?next=%2F 200 in 78ms
 GET /login?next=%2F 200 in 69ms
 GET /login?next=%2F 200 in 90ms
 GET /login?next=%2F 200 in 64ms
 GET /login?next=%2F 200 in 71ms
 GET /login?next=%2F 200 in 72ms
 GET /login?next=%2F 200 in 74ms
 GET /login?next=%2F 200 in 89ms
 GET /login?next=%2F 200 in 88ms
 GET /login?next=%2F 200 in 76ms
 GET /login?next=%2F 200 in 67ms
 GET /login?next=%2F 200 in 98ms
 GET /login?next=%2F 200 in 101ms
 GET /login?next=%2F 200 in 81ms
 GET /login?next=%2F 200 in 73ms
 GET /login?next=%2F 200 in 81ms
 GET /login?next=%2F 200 in 73ms
 GET /login?next=%2F 200 in 77ms
 GET /login?next=%2F 200 in 70ms
 GET /login?next=%2F 200 in 71ms
 GET /login?next=%2F 200 in 66ms
 GET /login?next=%2F 200 in 62ms
 GET /login?next=%2F 200 in 60ms
 GET /login?next=%2F 200 in 78ms
 GET /login?next=%2F 200 in 77ms
 GET /login?next=%2F 200 in 65ms
 GET /login?next=%2F 200 in 76ms
 GET /login?next=%2F 200 in 84ms
 GET /login?next=%2F 200 in 80ms
 GET /login?next=%2F 200 in 82ms
 GET /login?next=%2F 200 in 77ms
 GET /login?next=%2F 200 in 89ms
 GET /login?next=%2F 200 in 69ms
 GET /login?next=%2F 200 in 76ms
 GET /login?next=%2F 200 in 78ms
 GET /login?next=%2F 200 in 79ms
 GET /login?next=%2F 200 in 85ms
 GET /login?next=%2F 200 in 75ms
 GET /login?next=%2F 200 in 85ms
 GET /login?next=%2F 200 in 77ms
 GET /login?next=%2F 200 in 88ms
 GET /login?next=%2F 200 in 74ms
 GET /login?next=%2F 200 in 79ms
 GET /login?next=%2F 200 in 86ms
 GET /login?next=%2F 200 in 97ms
 GET /login?next=%2F 200 in 88ms
 GET /login?next=%2F 200 in 57ms
 GET /login?next=%2F 200 in 65ms
 GET /login?next=%2F 200 in 73ms
 GET /login?next=%2F 200 in 70ms
 GET /login?next=%2F 200 in 67ms
 GET /login?next=%2F 200 in 63ms
 GET /login?next=%2F 200 in 74ms
 GET /login?next=%2F 200 in 62ms
 GET /login?next=%2F 200 in 64ms
 GET /login?next=%2F 200 in 59ms
 GET /login?next=%2F 200 in 65ms
 GET /login?next=%2F 200 in 59ms
 GET /login?next=%2F 200 in 68ms
 GET /login?next=%2F 200 in 73ms
 GET /login?next=%2F 200 in 70ms
 GET /login?next=%2F 200 in 63ms
 GET /login?next=%2F 200 in 65ms
 GET /login?next=%2F 200 in 65ms
 GET /login?next=%2F 200 in 72ms
 GET /login?next=%2F 200 in 66ms
 GET /login?next=%2F 200 in 67ms
 GET /login?next=%2F 200 in 60ms
 GET /login?next=%2F 200 in 62ms
 GET /login?next=%2F 200 in 74ms
 GET /login?next=%2F 200 in 60ms
 GET /login?next=%2F 200 in 67ms
 GET /login?next=%2F 200 in 66ms
 GET /login?next=%2F 200 in 67ms
 GET /login?next=%2F 200 in 63ms
 GET /login?next=%2F 200 in 62ms
 GET /login?next=%2F 200 in 60ms
 GET /login?next=%2F 200 in 70ms
 GET /login?next=%2F 200 in 61ms
 GET /login?next=%2F 200 in 63ms
 GET /login?next=%2F 200 in 62ms
 GET /login?next=%2F 200 in 59ms
 GET /login?next=%2F 200 in 59ms
 GET /login?next=%2F 200 in 58ms
 GET /login?next=%2F 200 in 57ms
 GET /login?next=%2F 200 in 58ms
 GET /login?next=%2F 200 in 76ms
 GET /login?next=%2F 200 in 58ms
 GET /login?next=%2F 200 in 59ms
 GET /login?next=%2F 200 in 66ms
 GET /login?next=%2F 200 in 66ms
 GET /login?next=%2F 200 in 65ms
 GET /login?next=%2F 200 in 67ms
 GET /login?next=%2F 200 in 82ms
 GET /login?next=%2F 200 in 74ms
 GET /login?next=%2F 200 in 65ms
 GET /login?next=%2F 200 in 77ms
 GET /login?next=%2F 200 in 67ms
 GET /login?next=%2F 200 in 83ms
 GET /login?next=%2F 200 in 88ms
 GET /login?next=%2F 200 in 90ms
 GET /login?next=%2F 200 in 74ms
 GET /login?next=%2F 200 in 74ms
 GET /login?next=%2F 200 in 73ms
 GET /login?next=%2F 200 in 63ms
 GET /login?next=%2F 200 in 65ms
 GET /login?next=%2F 200 in 73ms
 GET /login?next=%2F 200 in 71ms
 GET /login?next=%2F 200 in 87ms
 GET /login?next=%2F 200 in 88ms
 GET /login?next=%2F 200 in 65ms
 GET /login?next=%2F 200 in 67ms
 GET /login?next=%2F 200 in 67ms
 GET /login?next=%2F 200 in 63ms
 GET /login?next=%2F 200 in 71ms
 GET /login?next=%2F 200 in 76ms
 GET /login?next=%2F 200 in 77ms
 GET /login?next=%2F 200 in 61ms
 GET /login?next=%2F 200 in 76ms
 GET /login?next=%2F 200 in 65ms
 GET /login?next=%2F 200 in 61ms
 GET /login?next=%2F 200 in 65ms
 GET /login?next=%2F 200 in 69ms
 GET /login?next=%2F 200 in 68ms
 GET /login?next=%2F 200 in 60ms
 GET /login?next=%2F 200 in 67ms
 GET /login?next=%2F 200 in 72ms
 GET /login?next=%2F 200 in 73ms
 GET /login?next=%2F 200 in 72ms
 GET /login?next=%2F 200 in 66ms
 GET /login?next=%2F 200 in 62ms
 GET /login?next=%2F 200 in 75ms
 GET /login?next=%2F 200 in 78ms
 GET /login?next=%2F 200 in 83ms
 GET /login?next=%2F 200 in 81ms
 GET /login?next=%2F 200 in 66ms
 GET /login?next=%2F 200 in 72ms
 GET /login?next=%2F 200 in 63ms
 GET /login?next=%2F 200 in 73ms
 GET /login?next=%2F 200 in 65ms
[?25h
